<?xml version="1.0" encoding="UTF-8"?>
<!-- Generated by org.testng.reporters.JUnitReportReporter -->
<testsuite skipped="0" hostname="Srikanth-PC" name="com.qaoops.test.LoginTest" tests="1" failures="0" timestamp="16 Aug 2019 01:03:17 GMT" time="18.283" errors="0">
  <testcase name="verifyLoging" time="18.283" classname="com.qaoops.test.LoginTest"/>
</testsuite> <!-- com.qaoops.test.LoginTest -->
